2025-07-07 00:00:23 [tomcat-handler-8] INFO  c.e.e.s.jwt.JwtAccessTokenFilter - [JwtAccessTokenFilter:doFilterInternal] :: Started 
2025-07-07 00:00:23 [tomcat-handler-8] INFO  c.e.e.s.jwt.JwtAccessTokenFilter - [JwtAccessTokenFilter:doFilterInternal]Filtering the Http Request:/api/profile/check
2025-07-07 00:00:23 [tomcat-handler-8] INFO  c.e.e.s.jwt.JwtAccessTokenFilter - [JwtAccessTokenFilter:doFilterInternal] Completed
2025-07-07 00:00:40 [tomcat-handler-9] INFO  c.e.e.s.jwt.JwtAccessTokenFilter - [JwtAccessTokenFilter:doFilterInternal] :: Started 
2025-07-07 00:00:40 [tomcat-handler-9] INFO  c.e.e.s.jwt.JwtAccessTokenFilter - [JwtAccessTokenFilter:doFilterInternal]Filtering the Http Request:/api/profile/check
2025-07-07 00:00:40 [tomcat-handler-9] INFO  c.e.e.s.jwt.JwtAccessTokenFilter - [JwtAccessTokenFilter:doFilterInternal] Completed
2025-07-07 00:00:42 [tomcat-handler-10] INFO  c.e.e.s.jwt.JwtAccessTokenFilter - [JwtAccessTokenFilter:doFilterInternal] :: Started 
2025-07-07 00:00:42 [tomcat-handler-10] INFO  c.e.e.s.jwt.JwtAccessTokenFilter - [JwtAccessTokenFilter:doFilterInternal]Filtering the Http Request:/api/profile/check
2025-07-07 00:00:42 [tomcat-handler-10] INFO  c.e.e.s.jwt.JwtAccessTokenFilter - [JwtAccessTokenFilter:doFilterInternal] Completed
2025-07-07 00:01:06 [tomcat-handler-12] INFO  c.e.e.s.jwt.JwtAccessTokenFilter - [JwtAccessTokenFilter:doFilterInternal] :: Started 
2025-07-07 00:01:06 [tomcat-handler-12] INFO  c.e.e.s.jwt.JwtAccessTokenFilter - [JwtAccessTokenFilter:doFilterInternal]Filtering the Http Request:/api/rooms/by-category
2025-07-07 00:01:06 [tomcat-handler-12] INFO  c.e.e.s.jwt.JwtAccessTokenFilter - [JwtAccessTokenFilter:doFilterInternal] Completed
2025-07-07 00:01:12 [tomcat-handler-13] INFO  c.e.e.s.jwt.JwtAccessTokenFilter - [JwtAccessTokenFilter:doFilterInternal] :: Started 
2025-07-07 00:01:12 [tomcat-handler-13] INFO  c.e.e.s.jwt.JwtAccessTokenFilter - [JwtAccessTokenFilter:doFilterInternal]Filtering the Http Request:/api/rooms/by-category
2025-07-07 00:01:12 [tomcat-handler-13] INFO  c.e.e.s.jwt.JwtAccessTokenFilter - [JwtAccessTokenFilter:doFilterInternal] Completed
2025-07-07 00:01:15 [tomcat-handler-14] INFO  c.e.e.s.jwt.JwtAccessTokenFilter - [JwtAccessTokenFilter:doFilterInternal] :: Started 
2025-07-07 00:01:15 [tomcat-handler-14] INFO  c.e.e.s.jwt.JwtAccessTokenFilter - [JwtAccessTokenFilter:doFilterInternal]Filtering the Http Request:/api/rooms/by-category
2025-07-07 00:01:15 [tomcat-handler-14] INFO  c.e.e.s.jwt.JwtAccessTokenFilter - [JwtAccessTokenFilter:doFilterInternal] Completed
2025-07-07 00:01:17 [tomcat-handler-15] INFO  c.e.e.s.jwt.JwtAccessTokenFilter - [JwtAccessTokenFilter:doFilterInternal] :: Started 
2025-07-07 00:01:17 [tomcat-handler-15] INFO  c.e.e.s.jwt.JwtAccessTokenFilter - [JwtAccessTokenFilter:doFilterInternal]Filtering the Http Request:/api/rooms/by-category
2025-07-07 00:01:17 [tomcat-handler-15] INFO  c.e.e.s.jwt.JwtAccessTokenFilter - [JwtAccessTokenFilter:doFilterInternal] Completed
2025-07-07 00:01:19 [tomcat-handler-16] INFO  c.e.e.s.jwt.JwtAccessTokenFilter - [JwtAccessTokenFilter:doFilterInternal] :: Started 
2025-07-07 00:01:19 [tomcat-handler-16] INFO  c.e.e.s.jwt.JwtAccessTokenFilter - [JwtAccessTokenFilter:doFilterInternal]Filtering the Http Request:/api/rooms/by-category
2025-07-07 00:01:19 [tomcat-handler-16] INFO  c.e.e.s.jwt.JwtAccessTokenFilter - [JwtAccessTokenFilter:doFilterInternal] Completed
2025-07-07 00:11:46 [tomcat-handler-20] INFO  c.e.e.s.jwt.JwtAccessTokenFilter - [JwtAccessTokenFilter:doFilterInternal] :: Started 
2025-07-07 00:11:46 [tomcat-handler-20] INFO  c.e.e.s.jwt.JwtAccessTokenFilter - [JwtAccessTokenFilter:doFilterInternal]Filtering the Http Request:/actuator
2025-07-07 00:12:21 [tomcat-handler-22] INFO  c.e.e.s.jwt.JwtAccessTokenFilter - [JwtAccessTokenFilter:doFilterInternal] :: Started 
2025-07-07 00:12:21 [tomcat-handler-22] INFO  c.e.e.s.jwt.JwtAccessTokenFilter - [JwtAccessTokenFilter:doFilterInternal]Filtering the Http Request:/actuator/health
2025-07-07 00:12:38 [tomcat-handler-24] INFO  c.e.e.s.jwt.JwtAccessTokenFilter - [JwtAccessTokenFilter:doFilterInternal] :: Started 
2025-07-07 00:12:38 [tomcat-handler-24] INFO  c.e.e.s.jwt.JwtAccessTokenFilter - [JwtAccessTokenFilter:doFilterInternal]Filtering the Http Request:/actuator/info
2025-07-07 00:12:55 [tomcat-handler-28] INFO  c.e.e.s.jwt.JwtAccessTokenFilter - [JwtAccessTokenFilter:doFilterInternal] :: Started 
2025-07-07 00:12:55 [tomcat-handler-28] INFO  c.e.e.s.jwt.JwtAccessTokenFilter - [JwtAccessTokenFilter:doFilterInternal]Filtering the Http Request:/actuator/info
2025-07-07 00:13:04 [tomcat-handler-29] INFO  c.e.e.s.jwt.JwtAccessTokenFilter - [JwtAccessTokenFilter:doFilterInternal] :: Started 
2025-07-07 00:13:04 [tomcat-handler-29] INFO  c.e.e.s.jwt.JwtAccessTokenFilter - [JwtAccessTokenFilter:doFilterInternal]Filtering the Http Request:/actuator/caches/
2025-07-07 00:13:12 [tomcat-handler-30] INFO  c.e.e.s.jwt.JwtAccessTokenFilter - [JwtAccessTokenFilter:doFilterInternal] :: Started 
2025-07-07 00:13:12 [tomcat-handler-30] INFO  c.e.e.s.jwt.JwtAccessTokenFilter - [JwtAccessTokenFilter:doFilterInternal]Filtering the Http Request:/actuator/metrics/
2025-07-07 00:13:15 [tomcat-handler-31] INFO  c.e.e.s.jwt.JwtAccessTokenFilter - [JwtAccessTokenFilter:doFilterInternal] :: Started 
2025-07-07 00:13:15 [tomcat-handler-31] INFO  c.e.e.s.jwt.JwtAccessTokenFilter - [JwtAccessTokenFilter:doFilterInternal]Filtering the Http Request:/actuator/metrics
2025-07-07 00:13:38 [SpringApplicationShutdownHook] INFO  o.s.b.w.e.tomcat.GracefulShutdown - Commencing graceful shutdown. Waiting for active requests to complete
2025-07-07 00:13:38 [tomcat-shutdown] INFO  o.s.b.w.e.tomcat.GracefulShutdown - Graceful shutdown complete
2025-07-07 00:13:38 [SpringApplicationShutdownHook] INFO  o.s.m.s.b.SimpleBrokerMessageHandler - Stopping...
2025-07-07 00:13:38 [SpringApplicationShutdownHook] INFO  o.s.m.s.b.SimpleBrokerMessageHandler - BrokerAvailabilityEvent[available=false, SimpleBrokerMessageHandler [org.springframework.messaging.simp.broker.DefaultSubscriptionRegistry@769ba75d]]
2025-07-07 00:13:38 [SpringApplicationShutdownHook] INFO  o.s.m.s.b.SimpleBrokerMessageHandler - Stopped.
2025-07-07 00:13:38 [SpringApplicationShutdownHook] INFO  o.s.o.j.LocalContainerEntityManagerFactoryBean - Closing JPA EntityManagerFactory for persistence unit 'default'
2025-07-07 00:13:38 [SpringApplicationShutdownHook] INFO  com.zaxxer.hikari.HikariDataSource - EnglyHikariCP - Shutdown initiated...
2025-07-07 00:13:38 [SpringApplicationShutdownHook] INFO  com.zaxxer.hikari.HikariDataSource - EnglyHikariCP - Shutdown completed.
2025-07-07 00:13:45 [main] INFO  c.e.e.EnglyServerApplication - Starting EnglyServerApplication using Java 24.0.1 with PID 24832 (C:\Users\dmitr\Documents\GitHub\engly-server\target\classes started by dmitr in C:\Users\dmitr\Documents\GitHub\engly-server)
2025-07-07 00:13:45 [main] INFO  c.e.e.EnglyServerApplication - The following 6 profiles are active: "database", "security", "monitoring", "server", "ratelimiter", "dev"
2025-07-07 00:13:46 [main] INFO  o.s.d.r.c.RepositoryConfigurationDelegate - Bootstrapping Spring Data JPA repositories in DEFAULT mode.
2025-07-07 00:13:46 [main] INFO  o.s.d.r.c.RepositoryConfigurationDelegate - Finished Spring Data repository scanning in 106 ms. Found 14 JPA repository interfaces.
2025-07-07 00:13:47 [main] INFO  o.s.b.w.e.tomcat.TomcatWebServer - Tomcat initialized with port 8000 (http)
2025-07-07 00:13:47 [main] INFO  o.a.catalina.core.StandardService - Starting service [Tomcat]
2025-07-07 00:13:47 [main] INFO  o.a.catalina.core.StandardEngine - Starting Servlet engine: [Apache Tomcat/10.1.41]
2025-07-07 00:13:48 [main] INFO  o.a.c.c.C.[Tomcat].[localhost].[/] - Initializing Spring embedded WebApplicationContext
2025-07-07 00:13:48 [main] INFO  o.s.b.w.s.c.ServletWebServerApplicationContext - Root WebApplicationContext: initialization completed in 2444 ms
2025-07-07 00:13:48 [main] INFO  com.zaxxer.hikari.HikariDataSource - EnglyHikariCP - Starting...
2025-07-07 00:13:48 [main] INFO  com.zaxxer.hikari.pool.HikariPool - EnglyHikariCP - Added connection org.postgresql.jdbc.PgConnection@36d5c2ce
2025-07-07 00:13:48 [main] INFO  com.zaxxer.hikari.HikariDataSource - EnglyHikariCP - Start completed.
2025-07-07 00:13:48 [main] INFO  o.f.core.internal.command.DbValidate - Successfully validated 5 migrations (execution time 00:00.024s)
2025-07-07 00:13:48 [main] INFO  o.f.core.internal.command.DbMigrate - Current version of schema "public": 5
2025-07-07 00:13:48 [main] INFO  o.f.core.internal.command.DbMigrate - Schema "public" is up to date. No migration necessary.
2025-07-07 00:13:48 [main] INFO  o.h.jpa.internal.util.LogHelper - HHH000204: Processing PersistenceUnitInfo [name: default]
2025-07-07 00:13:48 [main] INFO  org.hibernate.Version - HHH000412: Hibernate ORM core version 6.6.15.Final
2025-07-07 00:13:49 [main] INFO  o.h.c.i.RegionFactoryInitiator - HHH000026: Second-level cache disabled
2025-07-07 00:13:49 [main] INFO  o.s.o.j.p.SpringPersistenceUnitInfo - No LoadTimeWeaver setup: ignoring JPA class transformer
2025-07-07 00:13:49 [main] WARN  org.hibernate.orm.deprecation - HHH90000025: PostgreSQLDialect does not need to be specified explicitly using 'hibernate.dialect' (remove the property setting and it will be selected by default)
2025-07-07 00:13:49 [main] INFO  o.hibernate.orm.connections.pooling - HHH10001005: Database info:
	Database JDBC URL [Connecting through datasource 'HikariDataSource (EnglyHikariCP)']
	Database driver: undefined/unknown
	Database version: 17.5
	Autocommit mode: undefined/unknown
	Isolation level: undefined/unknown
	Minimum pool size: undefined/unknown
	Maximum pool size: undefined/unknown
2025-07-07 00:13:50 [main] INFO  o.h.e.t.j.p.i.JtaPlatformInitiator - HHH000489: No JTA platform available (set 'hibernate.transaction.jta.platform' to enable JTA platform integration)
2025-07-07 00:13:50 [main] INFO  o.s.o.j.LocalContainerEntityManagerFactoryBean - Initialized JPA EntityManagerFactory for persistence unit 'default'
2025-07-07 00:13:51 [main] INFO  o.s.d.j.r.query.QueryEnhancerFactory - Hibernate is in classpath; If applicable, HQL parser will be used.
2025-07-07 00:13:52 [main] INFO  c.e.engly_server.config.AsyncConfig - TaskExecutor configured: core=20, max=100, queue=500
2025-07-07 00:13:52 [main] INFO  c.e.engly_server.config.AsyncConfig - MessageViewedExecutor configured: core=2, max=10, queue=500
2025-07-07 00:13:52 [main] INFO  c.e.engly_server.config.AsyncConfig - ChatParticipantsExecutor configured: core=4, max=15, queue=0
2025-07-07 00:13:53 [main] WARN  o.s.b.a.o.j.JpaBaseConfiguration$JpaWebConfiguration - spring.jpa.open-in-view is enabled by default. Therefore, database queries may be performed during view rendering. Explicitly configure spring.jpa.open-in-view to disable this warning
2025-07-07 00:13:54 [main] INFO  o.s.b.a.e.web.EndpointLinksResolver - Exposing 8 endpoints beneath base path '/actuator'
2025-07-07 00:13:54 [main] ERROR c.e.e.security.config.SecurityConfig - [SecurityConfig:apiSecurityFilterChain] Exception due to :org.springframework.security.config.annotation.web.configurers.ExceptionHandlingConfigurer@56744adf
2025-07-07 00:13:54 [main] ERROR c.e.e.security.config.SecurityConfig - [SecurityConfig:refreshTokenSecurityFilterChain] Exception due to :org.springframework.security.config.annotation.web.configurers.ExceptionHandlingConfigurer@7a8bda44
2025-07-07 00:13:54 [main] ERROR c.e.e.security.config.SecurityConfig - [SecurityConfig:logoutSecurityFilterChain] Exception due to :org.springframework.security.config.annotation.web.configurers.ExceptionHandlingConfigurer@2d85487
2025-07-07 00:13:54 [main] ERROR c.e.e.security.config.SecurityConfig - [SecurityConfig:actuatorSecurityFilterChain] Exception due to :org.springframework.security.config.annotation.web.configurers.ExceptionHandlingConfigurer@3c419521
2025-07-07 00:13:55 [main] WARN  i.m.c.i.b.cache.CaffeineCacheMetrics - The cache 'user-by-id' is not recording statistics. No meters except 'cache.size' will be registered. Call 'Caffeine#recordStats()' prior to building the cache for metrics to be recorded.
2025-07-07 00:13:55 [main] WARN  i.m.c.i.b.cache.CaffeineCacheMetrics - The cache 'all-users' is not recording statistics. No meters except 'cache.size' will be registered. Call 'Caffeine#recordStats()' prior to building the cache for metrics to be recorded.
2025-07-07 00:13:55 [main] WARN  i.m.c.i.b.cache.CaffeineCacheMetrics - The cache 'user-by-email' is not recording statistics. No meters except 'cache.size' will be registered. Call 'Caffeine#recordStats()' prior to building the cache for metrics to be recorded.
2025-07-07 00:13:55 [main] WARN  i.m.c.i.b.cache.CaffeineCacheMetrics - The cache 'user-profiles' is not recording statistics. No meters except 'cache.size' will be registered. Call 'Caffeine#recordStats()' prior to building the cache for metrics to be recorded.
2025-07-07 00:13:55 [main] WARN  i.m.c.i.b.cache.CaffeineCacheMetrics - The cache 'username-availability' is not recording statistics. No meters except 'cache.size' will be registered. Call 'Caffeine#recordStats()' prior to building the cache for metrics to be recorded.
2025-07-07 00:13:55 [main] WARN  i.m.c.i.b.cache.CaffeineCacheMetrics - The cache 'email-availability' is not recording statistics. No meters except 'cache.size' will be registered. Call 'Caffeine#recordStats()' prior to building the cache for metrics to be recorded.
2025-07-07 00:13:55 [main] WARN  i.m.c.i.b.cache.CaffeineCacheMetrics - The cache 'user-first-login' is not recording statistics. No meters except 'cache.size' will be registered. Call 'Caffeine#recordStats()' prior to building the cache for metrics to be recorded.
2025-07-07 00:13:55 [main] WARN  i.m.c.i.b.cache.CaffeineCacheMetrics - The cache 'room-by-id' is not recording statistics. No meters except 'cache.size' will be registered. Call 'Caffeine#recordStats()' prior to building the cache for metrics to be recorded.
2025-07-07 00:13:55 [main] WARN  i.m.c.i.b.cache.CaffeineCacheMetrics - The cache 'rooms-by-category' is not recording statistics. No meters except 'cache.size' will be registered. Call 'Caffeine#recordStats()' prior to building the cache for metrics to be recorded.
2025-07-07 00:13:55 [main] WARN  i.m.c.i.b.cache.CaffeineCacheMetrics - The cache 'room-search-results' is not recording statistics. No meters except 'cache.size' will be registered. Call 'Caffeine#recordStats()' prior to building the cache for metrics to be recorded.
2025-07-07 00:13:55 [main] WARN  i.m.c.i.b.cache.CaffeineCacheMetrics - The cache 'room-entity-by-id' is not recording statistics. No meters except 'cache.size' will be registered. Call 'Caffeine#recordStats()' prior to building the cache for metrics to be recorded.
2025-07-07 00:13:55 [main] WARN  i.m.c.i.b.cache.CaffeineCacheMetrics - The cache 'room-stats' is not recording statistics. No meters except 'cache.size' will be registered. Call 'Caffeine#recordStats()' prior to building the cache for metrics to be recorded.
2025-07-07 00:13:55 [main] WARN  i.m.c.i.b.cache.CaffeineCacheMetrics - The cache 'category-by-id' is not recording statistics. No meters except 'cache.size' will be registered. Call 'Caffeine#recordStats()' prior to building the cache for metrics to be recorded.
2025-07-07 00:13:55 [main] WARN  i.m.c.i.b.cache.CaffeineCacheMetrics - The cache 'category-entity-by-id' is not recording statistics. No meters except 'cache.size' will be registered. Call 'Caffeine#recordStats()' prior to building the cache for metrics to be recorded.
2025-07-07 00:13:55 [main] WARN  i.m.c.i.b.cache.CaffeineCacheMetrics - The cache 'category-by-name' is not recording statistics. No meters except 'cache.size' will be registered. Call 'Caffeine#recordStats()' prior to building the cache for metrics to be recorded.
2025-07-07 00:13:55 [main] WARN  i.m.c.i.b.cache.CaffeineCacheMetrics - The cache 'all-categories' is not recording statistics. No meters except 'cache.size' will be registered. Call 'Caffeine#recordStats()' prior to building the cache for metrics to be recorded.
2025-07-07 00:13:55 [main] WARN  i.m.c.i.b.cache.CaffeineCacheMetrics - The cache 'all-categories-list' is not recording statistics. No meters except 'cache.size' will be registered. Call 'Caffeine#recordStats()' prior to building the cache for metrics to be recorded.
2025-07-07 00:13:55 [main] WARN  i.m.c.i.b.cache.CaffeineCacheMetrics - The cache 'message-by-id' is not recording statistics. No meters except 'cache.size' will be registered. Call 'Caffeine#recordStats()' prior to building the cache for metrics to be recorded.
2025-07-07 00:13:55 [main] WARN  i.m.c.i.b.cache.CaffeineCacheMetrics - The cache 'messages-by-room' is not recording statistics. No meters except 'cache.size' will be registered. Call 'Caffeine#recordStats()' prior to building the cache for metrics to be recorded.
2025-07-07 00:13:55 [main] WARN  i.m.c.i.b.cache.CaffeineCacheMetrics - The cache 'message-search-results' is not recording statistics. No meters except 'cache.size' will be registered. Call 'Caffeine#recordStats()' prior to building the cache for metrics to be recorded.
2025-07-07 00:13:55 [main] WARN  i.m.c.i.b.cache.CaffeineCacheMetrics - The cache 'participants-by-room' is not recording statistics. No meters except 'cache.size' will be registered. Call 'Caffeine#recordStats()' prior to building the cache for metrics to be recorded.
2025-07-07 00:13:55 [main] WARN  i.m.c.i.b.cache.CaffeineCacheMetrics - The cache 'participant-exists' is not recording statistics. No meters except 'cache.size' will be registered. Call 'Caffeine#recordStats()' prior to building the cache for metrics to be recorded.
2025-07-07 00:13:55 [main] WARN  i.m.c.i.b.cache.CaffeineCacheMetrics - The cache 'participant-count' is not recording statistics. No meters except 'cache.size' will be registered. Call 'Caffeine#recordStats()' prior to building the cache for metrics to be recorded.
2025-07-07 00:13:55 [main] WARN  i.m.c.i.b.cache.CaffeineCacheMetrics - The cache 'user-rooms' is not recording statistics. No meters except 'cache.size' will be registered. Call 'Caffeine#recordStats()' prior to building the cache for metrics to be recorded.
2025-07-07 00:13:55 [main] WARN  i.m.c.i.b.cache.CaffeineCacheMetrics - The cache 'message-read-status' is not recording statistics. No meters except 'cache.size' will be registered. Call 'Caffeine#recordStats()' prior to building the cache for metrics to be recorded.
2025-07-07 00:13:55 [main] WARN  i.m.c.i.b.cache.CaffeineCacheMetrics - The cache 'users-who-read-message' is not recording statistics. No meters except 'cache.size' will be registered. Call 'Caffeine#recordStats()' prior to building the cache for metrics to be recorded.
2025-07-07 00:13:55 [main] WARN  i.m.c.i.b.cache.CaffeineCacheMetrics - The cache 'message-read-count' is not recording statistics. No meters except 'cache.size' will be registered. Call 'Caffeine#recordStats()' prior to building the cache for metrics to be recorded.
2025-07-07 00:13:55 [main] WARN  i.m.c.i.b.cache.CaffeineCacheMetrics - The cache 'user-read-messages' is not recording statistics. No meters except 'cache.size' will be registered. Call 'Caffeine#recordStats()' prior to building the cache for metrics to be recorded.
2025-07-07 00:13:55 [main] INFO  o.s.m.s.b.SimpleBrokerMessageHandler - Starting...
2025-07-07 00:13:55 [main] INFO  o.s.m.s.b.SimpleBrokerMessageHandler - BrokerAvailabilityEvent[available=true, SimpleBrokerMessageHandler [org.springframework.messaging.simp.broker.DefaultSubscriptionRegistry@1bc4ce09]]
2025-07-07 00:13:55 [main] INFO  o.s.m.s.b.SimpleBrokerMessageHandler - Started.
2025-07-07 00:13:56 [main] INFO  o.s.b.w.e.tomcat.TomcatWebServer - Tomcat started on port 8000 (http) with context path '/'
2025-07-07 00:13:56 [main] INFO  o.s.s.config.TaskSchedulerRouter - More than one TaskScheduler bean exists within the context, and none is named 'taskScheduler'. Mark one of them as primary or name it 'taskScheduler' (possibly as an alias); or implement the SchedulingConfigurer interface and call ScheduledTaskRegistrar#setScheduler explicitly within the configureTasks() callback: [clientInboundChannelExecutor, clientOutboundChannelExecutor, messageBrokerTaskScheduler, heartbeatTaskScheduler]
2025-07-07 00:13:56 [main] INFO  c.e.e.EnglyServerApplication - Started EnglyServerApplication in 11.093 seconds (process running for 11.844)
2025-07-07 00:13:56 [RMI TCP Connection(4)-192.168.31.187] INFO  o.a.c.c.C.[Tomcat].[localhost].[/] - Initializing Spring DispatcherServlet 'dispatcherServlet'
2025-07-07 00:14:02 [tomcat-handler-0] INFO  c.e.e.s.jwt.JwtAccessTokenFilter - [JwtAccessTokenFilter:doFilterInternal] :: Started 
2025-07-07 00:14:02 [tomcat-handler-0] INFO  c.e.e.s.jwt.JwtAccessTokenFilter - [JwtAccessTokenFilter:doFilterInternal]Filtering the Http Request:/actuator/prometheus
2025-07-07 00:26:23 [SpringApplicationShutdownHook] INFO  o.s.b.w.e.tomcat.GracefulShutdown - Commencing graceful shutdown. Waiting for active requests to complete
2025-07-07 00:26:23 [tomcat-shutdown] INFO  o.s.b.w.e.tomcat.GracefulShutdown - Graceful shutdown complete
2025-07-07 00:26:23 [SpringApplicationShutdownHook] INFO  o.s.m.s.b.SimpleBrokerMessageHandler - Stopping...
2025-07-07 00:26:23 [SpringApplicationShutdownHook] INFO  o.s.m.s.b.SimpleBrokerMessageHandler - BrokerAvailabilityEvent[available=false, SimpleBrokerMessageHandler [org.springframework.messaging.simp.broker.DefaultSubscriptionRegistry@1bc4ce09]]
2025-07-07 00:26:23 [SpringApplicationShutdownHook] INFO  o.s.m.s.b.SimpleBrokerMessageHandler - Stopped.
2025-07-07 00:26:23 [SpringApplicationShutdownHook] INFO  o.s.o.j.LocalContainerEntityManagerFactoryBean - Closing JPA EntityManagerFactory for persistence unit 'default'
2025-07-07 00:26:23 [SpringApplicationShutdownHook] INFO  com.zaxxer.hikari.HikariDataSource - EnglyHikariCP - Shutdown initiated...
2025-07-07 00:26:23 [SpringApplicationShutdownHook] INFO  com.zaxxer.hikari.HikariDataSource - EnglyHikariCP - Shutdown completed.
